<?xml version="1.0" encoding="UTF-8"?>
<!-- Generated by org.testng.reporters.JUnitReportReporter -->
<testsuite hostname="SANTOSH-PC" name="TestCase001" tests="2" failures="0" timestamp="13 Dec 2020 10:48:32 GMT" time="72.725" errors="0">
  <testcase name="m2" time="42.993" classname="TestCase001"/>
  <testcase name="m1" time="29.732" classname="TestCase001"/>
</testsuite> <!-- TestCase001 -->
