<?xml version="1.0" encoding="UTF-8"?>
<!-- Generated by org.testng.reporters.JUnitReportReporter -->
<testsuite hostname="SANTOSH-PC" name="Test.TestCase001" tests="2" failures="0" timestamp="13 Dec 2020 11:22:42 GMT" time="22.457" errors="0">
  <testcase name="m1" time="10.586" classname="Test.TestCase001"/>
  <testcase name="m2" time="11.871" classname="Test.TestCase001"/>
</testsuite> <!-- Test.TestCase001 -->
